app/build/intermediates/manifest_merge_blame_file/debug/manifest-merger-blame-debug-report.txt
1<?xml version="1.0" encoding="utf-8"?>
2<manifest xmlns:android="http://schemas.android.com/apk/res/android"
3    package="com.fahmuidrug"
4    android:versionCode="1"
5    android:versionName="1.0" >
6
7    <uses-sdk
8        android:minSdkVersion="19"
8-->src\main\AndroidManifest.xml
9        android:targetSdkVersion="29" />
9-->src\main\AndroidManifest.xml
10
11    <uses-permission android:name="android.permission.RECEIVE_BOOT_COMPLETED" />
11-->src\main\AndroidManifest.xml:5:5-81
11-->src\main\AndroidManifest.xml:5:22-78
12    <uses-permission android:name="android.permission.READ_EXTERNAL_STORAGE" />
12-->src\main\AndroidManifest.xml:6:5-80
12-->src\main\AndroidManifest.xml:6:22-77
13    <uses-permission android:name="android.permission.INTERNET" />
13-->src\main\AndroidManifest.xml:7:5-67
13-->src\main\AndroidManifest.xml:7:22-64
14    <uses-permission android:name="android.permission.ACCESS_NETWORK_STATE" />
14-->src\main\AndroidManifest.xml:8:5-79
14-->src\main\AndroidManifest.xml:8:22-76
15    <uses-permission android:name="android.permission.VIBRATE" />
15-->[com.wdullaer:materialdatetimepicker:3.2.0] AndroidManifest.xml:26:5-66
15-->[com.wdullaer:materialdatetimepicker:3.2.0] AndroidManifest.xml:26:22-63
16    <uses-permission android:name="android.permission.WAKE_LOCK" /> <!-- Required by older versions of Google Play services to create IID tokens -->
16-->[com.google.android.gms:play-services-measurement-api:17.2.1] AndroidManifest.xml:24:5-68
16-->[com.google.android.gms:play-services-measurement-api:17.2.1] AndroidManifest.xml:24:22-65
17    <uses-permission android:name="com.google.android.c2dm.permission.RECEIVE" />
17-->[com.google.firebase:firebase-iid:19.0.0] AndroidManifest.xml:26:5-82
17-->[com.google.firebase:firebase-iid:19.0.0] AndroidManifest.xml:26:22-79
18    <uses-permission android:name="com.google.android.finsky.permission.BIND_GET_INSTALL_REFERRER_SERVICE" />
18-->[com.google.android.gms:play-services-measurement:17.2.1] AndroidManifest.xml:26:5-110
18-->[com.google.android.gms:play-services-measurement:17.2.1] AndroidManifest.xml:26:22-107
19
20    <application
20-->src\main\AndroidManifest.xml:10:5-88:19
21        android:allowBackup="true"
21-->src\main\AndroidManifest.xml:11:9-35
22        android:appComponentFactory="androidx.core.app.CoreComponentFactory"
22-->[androidx.core:core:1.1.0] AndroidManifest.xml:24:18-86
23        android:debuggable="true"
24        android:icon="@mipmap/ic_launcher"
24-->src\main\AndroidManifest.xml:12:9-43
25        android:label="@string/app_name"
25-->src\main\AndroidManifest.xml:13:9-41
26        android:roundIcon="@mipmap/ic_launcher_round"
26-->src\main\AndroidManifest.xml:14:9-54
27        android:supportsRtl="true"
27-->src\main\AndroidManifest.xml:15:9-35
28        android:theme="@style/AppTheme" >
28-->src\main\AndroidManifest.xml:16:9-40
29        <activity android:name="com.fahmuidrug.LoginActivity" >
29-->src\main\AndroidManifest.xml:17:9-23:20
29-->src\main\AndroidManifest.xml:17:19-48
30            <intent-filter>
30-->src\main\AndroidManifest.xml:18:13-22:29
31                <action android:name="android.intent.action.MAIN" />
31-->src\main\AndroidManifest.xml:19:17-69
31-->src\main\AndroidManifest.xml:19:25-66
32
33                <category android:name="android.intent.category.LAUNCHER" />
33-->src\main\AndroidManifest.xml:21:17-77
33-->src\main\AndroidManifest.xml:21:27-74
34            </intent-filter>
35        </activity>
36        <activity
36-->src\main\AndroidManifest.xml:24:9-30:20
37            android:name="com.fahmuidrug.AddReminderActivity"
37-->src\main\AndroidManifest.xml:25:13-48
38            android:label="@string/title_activity_add_reminder" >
38-->src\main\AndroidManifest.xml:26:13-64
39            <meta-data
39-->src\main\AndroidManifest.xml:27:13-29:53
40                android:name="android.support.PARENT_ACTIVITY"
40-->src\main\AndroidManifest.xml:28:17-63
41                android:value=".ReminderActivity" />
41-->src\main\AndroidManifest.xml:29:17-50
42        </activity>
43        <activity android:name="com.fahmuidrug.SkipActivity" />
43-->src\main\AndroidManifest.xml:31:9-50
43-->src\main\AndroidManifest.xml:31:19-47
44        <activity android:name="com.fahmuidrug.ReminderActivity" />
44-->src\main\AndroidManifest.xml:32:9-54
44-->src\main\AndroidManifest.xml:32:19-51
45        <activity android:name="com.fahmuidrug.RegisterActivity" />
45-->src\main\AndroidManifest.xml:33:9-54
45-->src\main\AndroidManifest.xml:33:19-51
46        <activity android:name="com.fahmuidrug.ProfileActivity" />
46-->src\main\AndroidManifest.xml:34:9-53
46-->src\main\AndroidManifest.xml:34:19-50
47        <activity android:name="com.fahmuidrug.LabTestActivity" />
47-->src\main\AndroidManifest.xml:35:9-53
47-->src\main\AndroidManifest.xml:35:19-50
48        <activity android:name="com.fahmuidrug.DrugActivity" />
48-->src\main\AndroidManifest.xml:36:9-50
48-->src\main\AndroidManifest.xml:36:19-47
49        <activity android:name="com.fahmuidrug.MenuActivity" />
49-->src\main\AndroidManifest.xml:37:9-50
49-->src\main\AndroidManifest.xml:37:19-47
50        <activity android:name="com.fahmuidrug.view.DrugView" >
50-->src\main\AndroidManifest.xml:38:9-50:20
50-->src\main\AndroidManifest.xml:38:19-48
51            <intent-filter>
51-->src\main\AndroidManifest.xml:39:13-49:29
52                <action android:name="android.intent.action.VIEW" />
52-->src\main\AndroidManifest.xml:40:17-69
52-->src\main\AndroidManifest.xml:40:25-66
53
54                <category android:name="android.intent.category.DEFAULT" />
54-->src\main\AndroidManifest.xml:42:17-76
54-->src\main\AndroidManifest.xml:42:27-73
55                <category android:name="android.intent.category.BROWSABLE" />
55-->src\main\AndroidManifest.xml:43:17-78
55-->src\main\AndroidManifest.xml:43:27-75
56
57                <data
57-->src\main\AndroidManifest.xml:45:17-48:53
58                    android:host="drive.google.com"
58-->src\main\AndroidManifest.xml:47:21-52
59                    android:pathPattern="/recipe"
59-->src\main\AndroidManifest.xml:48:21-50
60                    android:scheme="https" />
60-->src\main\AndroidManifest.xml:46:21-43
61            </intent-filter>
62        </activity>
63        <activity android:name="com.fahmuidrug.HospitalActivity" />
63-->src\main\AndroidManifest.xml:51:9-54
63-->src\main\AndroidManifest.xml:51:19-51
64        <activity android:name="com.fahmuidrug.DeveloperActivity" />
64-->src\main\AndroidManifest.xml:52:9-55
64-->src\main\AndroidManifest.xml:52:19-52
65        <activity android:name="com.fahmuidrug.KnowledgeActivity" >
65-->src\main\AndroidManifest.xml:53:9-76:20
65-->src\main\AndroidManifest.xml:53:19-52
66            <intent-filter>
66-->src\main\AndroidManifest.xml:54:13-64:29
67                <action android:name="android.intent.action.VIEW" />
67-->src\main\AndroidManifest.xml:40:17-69
67-->src\main\AndroidManifest.xml:40:25-66
68
69                <category android:name="android.intent.category.DEFAULT" />
69-->src\main\AndroidManifest.xml:42:17-76
69-->src\main\AndroidManifest.xml:42:27-73
70                <category android:name="android.intent.category.BROWSABLE" />
70-->src\main\AndroidManifest.xml:43:17-78
70-->src\main\AndroidManifest.xml:43:27-75
71
72                <data
72-->src\main\AndroidManifest.xml:45:17-48:53
73                    android:host="oryor.com"
73-->src\main\AndroidManifest.xml:47:21-52
74                    android:pathPrefix="/recipe"
74-->src\main\AndroidManifest.xml:63:21-49
75                    android:scheme="https" />
75-->src\main\AndroidManifest.xml:46:21-43
76            </intent-filter>
77            <intent-filter>
77-->src\main\AndroidManifest.xml:65:13-75:29
78                <action android:name="android.intent.action.VIEW" />
78-->src\main\AndroidManifest.xml:40:17-69
78-->src\main\AndroidManifest.xml:40:25-66
79
80                <category android:name="android.intent.category.DEFAULT" />
80-->src\main\AndroidManifest.xml:42:17-76
80-->src\main\AndroidManifest.xml:42:27-73
81                <category android:name="android.intent.category.BROWSABLE" />
81-->src\main\AndroidManifest.xml:43:17-78
81-->src\main\AndroidManifest.xml:43:27-75
82
83                <data
83-->src\main\AndroidManifest.xml:45:17-48:53
84                    android:host="oryor.com"
84-->src\main\AndroidManifest.xml:47:21-52
85                    android:pathPattern="/recipe"
85-->src\main\AndroidManifest.xml:48:21-50
86                    android:scheme="https" />
86-->src\main\AndroidManifest.xml:46:21-43
87            </intent-filter>
88        </activity>
89        <activity android:name="com.fahmuidrug.QuestionActivity" />
89-->src\main\AndroidManifest.xml:77:9-54
89-->src\main\AndroidManifest.xml:77:19-51
90        <activity android:name="com.fahmuidrug.VideoActivity" />
90-->src\main\AndroidManifest.xml:78:9-51
90-->src\main\AndroidManifest.xml:78:19-48
91        <activity android:name="com.fahmuidrug.TakeMedicineActivity" />
91-->src\main\AndroidManifest.xml:79:9-58
91-->src\main\AndroidManifest.xml:79:19-55
92
93        <provider
93-->src\main\AndroidManifest.xml:80:9-83:40
94            android:name="com.fahmuidrug.data.AlarmReminderProvider"
94-->src\main\AndroidManifest.xml:81:13-55
95            android:authorities="com.fahmuidrug"
95-->src\main\AndroidManifest.xml:82:13-49
96            android:exported="false" />
96-->src\main\AndroidManifest.xml:83:13-37
97
98        <service
98-->src\main\AndroidManifest.xml:85:9-87:40
99            android:name="com.fahmuidrug.reminder.ReminderAlarmService"
99-->src\main\AndroidManifest.xml:86:13-58
100            android:exported="false" />
100-->src\main\AndroidManifest.xml:87:13-37
101        <service
101-->[com.google.firebase:firebase-database:19.2.0] AndroidManifest.xml:29:9-35:19
102            android:name="com.google.firebase.components.ComponentDiscoveryService"
102-->[com.google.firebase:firebase-database:19.2.0] AndroidManifest.xml:30:13-84
103            android:directBootAware="true"
103-->[com.google.firebase:firebase-common:19.3.0] AndroidManifest.xml:34:13-43
104            android:exported="false" >
104-->[com.google.firebase:firebase-database:19.2.0] AndroidManifest.xml:31:13-37
105            <meta-data
105-->[com.google.firebase:firebase-database:19.2.0] AndroidManifest.xml:32:13-34:85
106                android:name="com.google.firebase.components:com.google.firebase.database.DatabaseRegistrar"
106-->[com.google.firebase:firebase-database:19.2.0] AndroidManifest.xml:33:17-109
107                android:value="com.google.firebase.components.ComponentRegistrar" />
107-->[com.google.firebase:firebase-database:19.2.0] AndroidManifest.xml:34:17-82
108            <meta-data
108-->[com.google.firebase:firebase-storage:19.1.0] AndroidManifest.xml:33:13-35:85
109                android:name="com.google.firebase.components:com.google.firebase.storage.StorageRegistrar"
109-->[com.google.firebase:firebase-storage:19.1.0] AndroidManifest.xml:34:17-107
110                android:value="com.google.firebase.components.ComponentRegistrar" />
110-->[com.google.firebase:firebase-storage:19.1.0] AndroidManifest.xml:35:17-82
111            <meta-data
111-->[com.google.firebase:firebase-auth:19.2.0] AndroidManifest.xml:36:13-38:85
112                android:name="com.google.firebase.components:com.google.firebase.auth.FirebaseAuthRegistrar"
112-->[com.google.firebase:firebase-auth:19.2.0] AndroidManifest.xml:37:17-109
113                android:value="com.google.firebase.components.ComponentRegistrar" />
113-->[com.google.firebase:firebase-auth:19.2.0] AndroidManifest.xml:38:17-82
114            <meta-data
114-->[com.google.android.gms:play-services-measurement-api:17.2.1] AndroidManifest.xml:30:13-32:85
115                android:name="com.google.firebase.components:com.google.firebase.analytics.connector.internal.AnalyticsConnectorRegistrar"
115-->[com.google.android.gms:play-services-measurement-api:17.2.1] AndroidManifest.xml:31:17-139
116                android:value="com.google.firebase.components.ComponentRegistrar" />
116-->[com.google.android.gms:play-services-measurement-api:17.2.1] AndroidManifest.xml:32:17-82
117            <meta-data
117-->[com.google.firebase:firebase-iid:19.0.0] AndroidManifest.xml:32:13-34:85
118                android:name="com.google.firebase.components:com.google.firebase.iid.Registrar"
118-->[com.google.firebase:firebase-iid:19.0.0] AndroidManifest.xml:33:17-96
119                android:value="com.google.firebase.components.ComponentRegistrar" />
119-->[com.google.firebase:firebase-iid:19.0.0] AndroidManifest.xml:34:17-82
120        </service>
121
122        <activity
122-->[com.google.firebase:firebase-auth:19.2.0] AndroidManifest.xml:24:9-31:50
123            android:name="com.google.firebase.auth.internal.FederatedSignInActivity"
123-->[com.google.firebase:firebase-auth:19.2.0] AndroidManifest.xml:25:13-85
124            android:excludeFromRecents="true"
124-->[com.google.firebase:firebase-auth:19.2.0] AndroidManifest.xml:26:13-46
125            android:exported="true"
125-->[com.google.firebase:firebase-auth:19.2.0] AndroidManifest.xml:27:13-36
126            android:launchMode="singleTask"
126-->[com.google.firebase:firebase-auth:19.2.0] AndroidManifest.xml:28:13-44
127            android:permission="com.google.firebase.auth.api.gms.permission.LAUNCH_FEDERATED_SIGN_IN"
127-->[com.google.firebase:firebase-auth:19.2.0] AndroidManifest.xml:29:13-102
128            android:theme="@android:style/Theme.Translucent.NoTitleBar" />
128-->[com.google.firebase:firebase-auth:19.2.0] AndroidManifest.xml:30:13-72
129
130        <receiver
130-->[com.google.firebase:firebase-iid:19.0.0] AndroidManifest.xml:37:9-44:20
131            android:name="com.google.firebase.iid.FirebaseInstanceIdReceiver"
131-->[com.google.firebase:firebase-iid:19.0.0] AndroidManifest.xml:38:13-78
132            android:exported="true"
132-->[com.google.firebase:firebase-iid:19.0.0] AndroidManifest.xml:39:13-36
133            android:permission="com.google.android.c2dm.permission.SEND" >
133-->[com.google.firebase:firebase-iid:19.0.0] AndroidManifest.xml:40:13-73
134            <intent-filter>
134-->[com.google.firebase:firebase-iid:19.0.0] AndroidManifest.xml:41:13-43:29
135                <action android:name="com.google.android.c2dm.intent.RECEIVE" />
135-->[com.google.firebase:firebase-iid:19.0.0] AndroidManifest.xml:42:17-81
135-->[com.google.firebase:firebase-iid:19.0.0] AndroidManifest.xml:42:25-78
136            </intent-filter>
137        </receiver>
138
139        <activity
139-->[com.google.android.gms:play-services-base:17.1.0] AndroidManifest.xml:23:9-26:75
140            android:name="com.google.android.gms.common.api.GoogleApiActivity"
140-->[com.google.android.gms:play-services-base:17.1.0] AndroidManifest.xml:24:13-79
141            android:exported="false"
141-->[com.google.android.gms:play-services-base:17.1.0] AndroidManifest.xml:25:13-37
142            android:theme="@android:style/Theme.Translucent.NoTitleBar" />
142-->[com.google.android.gms:play-services-base:17.1.0] AndroidManifest.xml:26:13-72
143
144        <provider
144-->[com.google.firebase:firebase-common:19.3.0] AndroidManifest.xml:26:9-30:39
145            android:name="com.google.firebase.provider.FirebaseInitProvider"
145-->[com.google.firebase:firebase-common:19.3.0] AndroidManifest.xml:27:13-77
146            android:authorities="com.fahmuidrug.firebaseinitprovider"
146-->[com.google.firebase:firebase-common:19.3.0] AndroidManifest.xml:28:13-72
147            android:exported="false"
147-->[com.google.firebase:firebase-common:19.3.0] AndroidManifest.xml:29:13-37
148            android:initOrder="100" />
148-->[com.google.firebase:firebase-common:19.3.0] AndroidManifest.xml:30:13-36
149
150        <receiver
150-->[com.google.android.gms:play-services-measurement:17.2.1] AndroidManifest.xml:29:9-33:20
151            android:name="com.google.android.gms.measurement.AppMeasurementReceiver"
151-->[com.google.android.gms:play-services-measurement:17.2.1] AndroidManifest.xml:30:13-85
152            android:enabled="true"
152-->[com.google.android.gms:play-services-measurement:17.2.1] AndroidManifest.xml:31:13-35
153            android:exported="false" >
153-->[com.google.android.gms:play-services-measurement:17.2.1] AndroidManifest.xml:32:13-37
154        </receiver>
155        <receiver
155-->[com.google.android.gms:play-services-measurement:17.2.1] AndroidManifest.xml:34:9-42:20
156            android:name="com.google.android.gms.measurement.AppMeasurementInstallReferrerReceiver"
156-->[com.google.android.gms:play-services-measurement:17.2.1] AndroidManifest.xml:35:13-100
157            android:enabled="true"
157-->[com.google.android.gms:play-services-measurement:17.2.1] AndroidManifest.xml:36:13-35
158            android:exported="true"
158-->[com.google.android.gms:play-services-measurement:17.2.1] AndroidManifest.xml:37:13-36
159            android:permission="android.permission.INSTALL_PACKAGES" >
159-->[com.google.android.gms:play-services-measurement:17.2.1] AndroidManifest.xml:38:13-69
160            <intent-filter>
160-->[com.google.android.gms:play-services-measurement:17.2.1] AndroidManifest.xml:39:13-41:29
161                <action android:name="com.android.vending.INSTALL_REFERRER" />
161-->[com.google.android.gms:play-services-measurement:17.2.1] AndroidManifest.xml:40:17-79
161-->[com.google.android.gms:play-services-measurement:17.2.1] AndroidManifest.xml:40:25-76
162            </intent-filter>
163        </receiver>
164
165        <service
165-->[com.google.android.gms:play-services-measurement:17.2.1] AndroidManifest.xml:44:9-47:40
166            android:name="com.google.android.gms.measurement.AppMeasurementService"
166-->[com.google.android.gms:play-services-measurement:17.2.1] AndroidManifest.xml:45:13-84
167            android:enabled="true"
167-->[com.google.android.gms:play-services-measurement:17.2.1] AndroidManifest.xml:46:13-35
168            android:exported="false" />
168-->[com.google.android.gms:play-services-measurement:17.2.1] AndroidManifest.xml:47:13-37
169        <service
169-->[com.google.android.gms:play-services-measurement:17.2.1] AndroidManifest.xml:48:9-52:72
170            android:name="com.google.android.gms.measurement.AppMeasurementJobService"
170-->[com.google.android.gms:play-services-measurement:17.2.1] AndroidManifest.xml:49:13-87
171            android:enabled="true"
171-->[com.google.android.gms:play-services-measurement:17.2.1] AndroidManifest.xml:50:13-35
172            android:exported="false"
172-->[com.google.android.gms:play-services-measurement:17.2.1] AndroidManifest.xml:51:13-37
173            android:permission="android.permission.BIND_JOB_SERVICE" />
173-->[com.google.android.gms:play-services-measurement:17.2.1] AndroidManifest.xml:52:13-69
174
175        <meta-data
175-->[com.google.android.gms:play-services-basement:17.0.0] AndroidManifest.xml:23:9-25:69
176            android:name="com.google.android.gms.version"
176-->[com.google.android.gms:play-services-basement:17.0.0] AndroidManifest.xml:24:13-58
177            android:value="@integer/google_play_services_version" />
177-->[com.google.android.gms:play-services-basement:17.0.0] AndroidManifest.xml:25:13-66
178    </application>
179
180</manifest>